Arguments: 
  /Users/lcc/.nvm/versions/node/v8.9.1/bin/node /Users/lcc/.nvm/versions/node/v8.9.1/bin/yarn install

PATH: 
  /Users/lcc/.nvm/versions/node/v8.9.1/bin:/usr/local/bin:/usr/bin:/bin:/usr/sbin:/sbin

Yarn version: 
  1.6.0

Node version: 
  8.9.1

Platform: 
  darwin x64

Trace: 
  Error: http://registry.npm.taobao.org/typescript/download/typescript-3.1.6.tgz: ESOCKETTIMEDOUT
      at ClientRequest.<anonymous> (/Users/lcc/.nvm/versions/node/v8.9.1/lib/node_modules/yarn/lib/cli.js:133786:19)
      at Object.onceWrapper (events.js:313:30)
      at emitNone (events.js:106:13)
      at ClientRequest.emit (events.js:208:7)
      at TLSSocket.emitTimeout (_http_client.js:708:34)
      at Object.onceWrapper (events.js:313:30)
      at emitNone (events.js:106:13)
      at TLSSocket.emit (events.js:208:7)
      at TLSSocket.Socket._onTimeout (net.js:407:8)
      at ontimeout (timers.js:475:11)

npm manifest: 
  {
    "name": "myApp",
    "version": "1.0.0",
    "private": true,
    "description": "mini weather",
    "scripts": {
      "build:weapp": "taro build --type weapp",
      "build:swan": "taro build --type swan",
      "build:alipay": "taro build --type alipay",
      "build:h5": "taro build --type h5",
      "build:rn": "taro build --type rn",
      "dev:weapp": "npm run build:weapp -- --watch",
      "dev:swan": "npm run build:swan -- --watch",
      "dev:alipay": "npm run build:alipay -- --watch",
      "dev:h5": "npm run build:h5 -- --watch",
      "dev:rn": "npm run build:rn -- --watch"
    },
    "author": "",
    "license": "MIT",
    "dependencies": {
      "@tarojs/async-await": "^1.1.1",
      "@tarojs/components": "^1.1.1",
      "@tarojs/redux": "^1.1.1",
      "@tarojs/redux-h5": "^1.1.1",
      "@tarojs/router": "^1.1.1",
      "@tarojs/taro": "^1.1.1",
      "@tarojs/taro-alipay": "^1.1.1",
      "@tarojs/taro-h5": "^1.1.1",
      "@tarojs/taro-swan": "^1.1.1",
      "@tarojs/taro-weapp": "^1.1.1",
      "nervjs": "^1.3.5",
      "redux": "^4.0.0",
      "redux-logger": "^3.0.6",
      "redux-thunk": "^2.3.0"
    },
    "devDependencies": {
      "@types/react": "^16.4.8",
      "@types/webpack-env": "^1.13.6",
      "@tarojs/plugin-babel": "^1.1.1",
      "@tarojs/plugin-csso": "^1.1.1",
      "@tarojs/plugin-sass": "^1.1.1",
      "@tarojs/plugin-uglifyjs": "^1.1.1",
      "@tarojs/webpack-runner": "^1.1.1",
      "babel-plugin-transform-class-properties": "^6.24.1",
      "babel-plugin-transform-decorators-legacy": "^1.3.4",
      "babel-plugin-transform-jsx-stylesheet": "^0.6.5",
      "babel-plugin-transform-object-rest-spread": "^6.26.0",
      "babel-preset-env": "^1.6.1",
      "babel-eslint": "^8.2.3",
      "eslint": "^4.19.1",
      "eslint-config-taro": "^1.1.1",
      "eslint-plugin-react": "^7.8.2",
      "eslint-plugin-import": "^2.12.0",
      "eslint-plugin-taro": "^1.1.1",
      "eslint-plugin-typescript": "^0.12.0",
      "typescript": "^3.0.1"
    }
  }

yarn manifest: 
  No manifest

Lockfile: 
  No lockfile
